timestamp_start: 2026-05-18T14:33:47+08:00
timestamp_end: 2026-05-18T14:33:53+08:00
operator: Clark Cui
source_git_commit: da023ee
build_preset: Debug

$ cmake --preset Debug
-- Target: STM32F407VET6 / Cortex-M4F
-- RTOS: FreeRTOS
-- USB: CDC device

$ ninja -C build/Debug
[  7%] Building C object Core/Src/main.c.obj
[ 18%] Building C object Core/Src/gnss.c.obj
[ 31%] Building C object Core/Src/passthrough.c.obj
[ 44%] Building C object Core/Src/shell.c.obj
[ 58%] Building C object Core/Src/config.c.obj
[ 73%] Building C object USB_DEVICE/App/usbd_cdc_if.c.obj
[ 86%] Linking C executable dpiny-RTK.elf
[ 92%] Generating dpiny-RTK.hex
[ 96%] Generating dpiny-RTK.bin
RAM: 47360 B / 128 KB (36.13%)
FLASH: 99504 B / 384 KB (25.31%)
[100%] Built target dpiny-RTK

artifact_sha256:
  dpiny-RTK.elf = 381795D4E46B0AE088A842E3311FCE2034ED51C6CC3FC5BAB69C5D209C04EF91
  dpiny-RTK.hex = 860F433DA1592E63FAB6B5D7BAA7674647345E239009F6E58154863A5587986C
  dpiny-RTK.bin = 0F7E082201FC40DD7C63C2E945D6297240F68D34FA8EF06234F98D07F2AB0BE2
[BUILD-RESULT] PASS
